#
# There is insufficient memory for the Java Runtime Environment to continue.
# Native memory allocation (malloc) failed to allocate 800656 bytes for Chunk::new
# Possible reasons:
#   The system is out of physical RAM or swap space
#   The process is running with CompressedOops enabled, and the Java Heap may be blocking the growth of the native heap
# Possible solutions:
#   Reduce memory load on the system
#   Increase physical memory or swap space
#   Check if swap backing store is full
#   Decrease Java heap size (-Xmx/-Xms)
#   Decrease number of Java threads
#   Decrease Java thread stack sizes (-Xss)
#   Set larger code cache with -XX:ReservedCodeCacheSize=
#   JVM is running with Unscaled Compressed Oops mode in which the Java heap is
#     placed in the first 4GB address space. The Java Heap base address is the
#     maximum limit for the native heap growth. Please use -XX:HeapBaseMinAddress
#     to set the Java Heap base and to place the Java Heap above 4GB virtual address.
# This output file may be truncated or incomplete.
#
#  Out of Memory Error (allocation.cpp:389), pid=20500, tid=0x0000000000001c1c
#
# JRE version: Java(TM) SE Runtime Environment (8.0_231-b11) (build 1.8.0_231-b11)
# Java VM: Java HotSpot(TM) 64-Bit Server VM (25.231-b11 mixed mode windows-amd64 compressed oops)
# Failed to write core dump. Minidumps are not enabled by default on client versions of Windows
#

---------------  T H R E A D  ---------------

Current thread (0x000000001582a800):  JavaThread "C2 CompilerThread1" daemon [_thread_in_native, id=7196, stack(0x0000000016f90000,0x0000000017090000)]

Stack: [0x0000000016f90000,0x0000000017090000]
[error occurred during error reporting (printing stack bounds), id 0xc0000005]

Native frames: (J=compiled Java code, j=interpreted, Vv=VM code, C=native code)


Current CompileTask:
C2:  51197 10829       4       com.sun.org.apache.xerces.internal.impl.XMLNSDocumentScannerImpl::scanStartElement (1026 bytes)


---------------  P R O C E S S  ---------------

Java Threads: ( => current thread )
  0x000000001b5d1000 JavaThread "Keep-Alive-Timer" daemon [_thread_blocked, id=24848, stack(0x0000000024e30000,0x0000000024f30000)]
  0x000000001b5d0800 JavaThread "Memory manager" [_thread_blocked, id=16208, stack(0x0000000023400000,0x0000000023500000)]
  0x000000001b5cd800 JavaThread "Cache worker for Build Output Cleanup Cache (D:\boniek\react nivel 1\modulo 6\DevFit\android\.gradle\buildOutputCleanup)" [_thread_blocked, id=19460, stack(0x0000000022b00000,0x0000000022c00000)]
  0x000000001b5cc000 JavaThread "Build operations Thread 12" [_thread_blocked, id=668, stack(0x0000000022100000,0x0000000022200000)]
  0x000000001b5c9000 JavaThread "Build operations Thread 11" [_thread_blocked, id=27892, stack(0x0000000022000000,0x0000000022100000)]
  0x0000000019bdd800 JavaThread "Build operations Thread 10" [_thread_blocked, id=9040, stack(0x0000000021f00000,0x0000000022000000)]
  0x0000000019be0000 JavaThread "Build operations Thread 9" [_thread_blocked, id=17776, stack(0x0000000021e00000,0x0000000021f00000)]
  0x0000000019be1800 JavaThread "Build operations Thread 8" [_thread_blocked, id=8200, stack(0x0000000021d00000,0x0000000021e00000)]
  0x0000000019bdf000 JavaThread "Build operations Thread 7" [_thread_blocked, id=16568, stack(0x0000000021c00000,0x0000000021d00000)]
  0x0000000019bdb800 JavaThread "Build operations Thread 6" [_thread_blocked, id=21384, stack(0x0000000021b00000,0x0000000021c00000)]
  0x0000000019be0800 JavaThread "Build operations Thread 5" [_thread_blocked, id=24116, stack(0x0000000021a00000,0x0000000021b00000)]
  0x0000000019bde800 JavaThread "Build operations Thread 4" [_thread_blocked, id=30692, stack(0x0000000021900000,0x0000000021a00000)]
  0x0000000019bdd000 JavaThread "Build operations Thread 3" [_thread_blocked, id=25428, stack(0x0000000021800000,0x0000000021900000)]
  0x0000000019be2000 JavaThread "Build operations Thread 2" [_thread_blocked, id=12412, stack(0x0000000021700000,0x0000000021800000)]
  0x0000000019bdc000 JavaThread "Build operations" [_thread_blocked, id=14096, stack(0x0000000021600000,0x0000000021700000)]
  0x0000000019257000 JavaThread "Cache worker for execution history cache (C:\Users\Italo\.gradle\caches\6.2\executionHistory)" [_thread_blocked, id=28632, stack(0x000000001eaa0000,0x000000001eba0000)]
  0x0000000019254000 JavaThread "Cache worker for cache directory md-rule (C:\Users\Italo\.gradle\caches\6.2\md-rule)" [_thread_blocked, id=29096, stack(0x000000001d970000,0x000000001da70000)]
  0x0000000019255800 JavaThread "Cache worker for cache directory md-supplier (C:\Users\Italo\.gradle\caches\6.2\md-supplier)" [_thread_blocked, id=21732, stack(0x000000001d670000,0x000000001d770000)]
  0x0000000019255000 JavaThread "Cache worker for file hash cache (D:\boniek\react nivel 1\modulo 6\DevFit\android\.gradle\6.2\fileHashes)" [_thread_blocked, id=26920, stack(0x000000001ef40000,0x000000001f040000)]
  0x0000000019258800 JavaThread "Cache worker for checksums cache (D:\boniek\react nivel 1\modulo 6\DevFit\android\.gradle\checksums)" [_thread_blocked, id=25824, stack(0x000000001ee40000,0x000000001ef40000)]
  0x0000000019259800 JavaThread "Cache worker for file hash cache (C:\Users\Italo\.gradle\caches\6.2\fileHashes)" [_thread_blocked, id=28884, stack(0x000000001b3d0000,0x000000001b4d0000)]
  0x0000000019256800 JavaThread "File lock request listener" [_thread_in_native, id=22436, stack(0x000000001b2d0000,0x000000001b3d0000)]
  0x0000000019253800 JavaThread "Cache worker for journal cache (C:\Users\Italo\.gradle\caches\journal-1)" [_thread_blocked, id=30436, stack(0x000000001b1d0000,0x000000001b2d0000)]
  0x00000000191d3800 JavaThread "Thread-9" [_thread_blocked, id=4652, stack(0x000000001aed0000,0x000000001afd0000)]
  0x00000000191d1000 JavaThread "Stdin handler" [_thread_blocked, id=2208, stack(0x000000001add0000,0x000000001aed0000)]
  0x00000000191d7800 JavaThread "Asynchronous log dispatcher for DefaultDaemonConnection: socket connection from /127.0.0.1:50728 to /127.0.0.1:50729" [_thread_blocked, id=24400, stack(0x000000001acd0000,0x000000001add0000)]
  0x000000001919e800 JavaThread "Daemon worker" [_thread_in_native, id=20024, stack(0x000000001abd0000,0x000000001acd0000)]
  0x0000000019192000 JavaThread "Cancel handler" [_thread_blocked, id=27452, stack(0x000000001a7d0000,0x000000001a8d0000)]
  0x000000001918e000 JavaThread "Handler for socket connection from /127.0.0.1:50728 to /127.0.0.1:50729" [_thread_in_native, id=24232, stack(0x000000001a6d0000,0x000000001a7d0000)]
  0x000000001918d000 JavaThread "Daemon" [_thread_blocked, id=27824, stack(0x000000001a5d0000,0x000000001a6d0000)]
  0x0000000019159800 JavaThread "Daemon periodic checks" [_thread_blocked, id=29468, stack(0x000000001a4d0000,0x000000001a5d0000)]
  0x0000000019173800 JavaThread "Incoming local TCP Connector on port 50728" [_thread_in_native, id=19896, stack(0x000000001a270000,0x000000001a370000)]
  0x000000001906d000 JavaThread "Daemon health stats" [_thread_blocked, id=29552, stack(0x0000000019c30000,0x0000000019d30000)]
  0x00000000158b6800 JavaThread "Service Thread" daemon [_thread_blocked, id=30308, stack(0x0000000017290000,0x0000000017390000)]
  0x000000001582f800 JavaThread "C1 CompilerThread3" daemon [_thread_blocked, id=21580, stack(0x0000000017190000,0x0000000017290000)]
  0x000000001582d800 JavaThread "C2 CompilerThread2" daemon [_thread_blocked, id=16636, stack(0x0000000017090000,0x0000000017190000)]
=>0x000000001582a800 JavaThread "C2 CompilerThread1" daemon [_thread_in_native, id=7196, stack(0x0000000016f90000,0x0000000017090000)]
  0x0000000015823800 JavaThread "C2 CompilerThread0" daemon [_thread_blocked, id=18928, stack(0x0000000016e90000,0x0000000016f90000)]
  0x0000000015822000 JavaThread "Attach Listener" daemon [_thread_blocked, id=28908, stack(0x0000000016d90000,0x0000000016e90000)]
  0x000000001415d800 JavaThread "Signal Dispatcher" daemon [_thread_blocked, id=20264, stack(0x0000000016c90000,0x0000000016d90000)]
  0x00000000026dc000 JavaThread "Finalizer" daemon [_thread_blocked, id=26400, stack(0x0000000016a80000,0x0000000016b80000)]
  0x000000001414d800 JavaThread "Reference Handler" daemon [_thread_blocked, id=28368, stack(0x0000000016980000,0x0000000016a80000)]
  0x00000000025e2800 JavaThread "main" [_thread_blocked, id=23728, stack(0x0000000002450000,0x0000000002550000)]

Other Threads:
  0x0000000014146800 VMThread [stack: 0x0000000016880000,0x0000000016980000] [id=18680]
  0x00000000158d8800 WatcherThread [stack: 0x0000000017390000,0x0000000017490000] [id=25500]

VM state:not at safepoint (normal execution)

VM Mutex/Monitor currently owned by a thread: None

heap address: 0x00000000e0000000, size: 512 MB, Compressed Oops mode: 32-bit
Narrow klass base: 0x0000000000000000, Narrow klass shift: 3
Compressed class space size: 1073741824 Address: 0x0000000100000000

Heap:
 PSYoungGen      total 153600K, used 24835K [0x00000000f5580000, 0x0000000100000000, 0x0000000100000000)
  eden space 132608K, 2% used [0x00000000f5580000,0x00000000f59453a8,0x00000000fd700000)
  from space 20992K, 99% used [0x00000000fd700000,0x00000000feb7b8e8,0x00000000feb80000)
  to   space 20992K, 0% used [0x00000000feb80000,0x00000000feb80000,0x0000000100000000)
 ParOldGen       total 175104K, used 39968K [0x00000000e0000000, 0x00000000eab00000, 0x00000000f5580000)
  object space 175104K, 22% used [0x00000000e0000000,0x00000000e2708080,0x00000000eab00000)
 Metaspace       used 72602K, capacity 75994K, committed 76032K, reserved 1114112K
  class space    used 9693K, capacity 10490K, committed 10496K, reserved 1048576K

Card table byte_map: [0x0000000011aa0000,0x0000000011bb0000] byte_map_base: 0x00000000113a0000

Marking Bits: (ParMarkBitMap*) 0x0000000068f66d90
 Begin Bits: [0x0000000012660000, 0x0000000012e60000)
 End Bits:   [0x0000000012e60000, 0x0000000013660000)

Polling page: 0x0000000000bc0000

CodeCache: size=245760Kb used=32921Kb max_used=34640Kb free=212838Kb
 bounds [0x00000000026e0000, 0x00000000048e0000, 0x00000000116e0000]
 total_blobs=9876 nmethods=9010 adapters=776
 compilation: enabled

Compilation events (10 events):
Event: 50.372 Thread 0x0000000015823800 nmethod 10848 0x00000000040af910 code [0x00000000040afbc0, 0x00000000040b0e68]
Event: 50.372 Thread 0x0000000015823800 10902       4       com.google.common.collect.NaturalOrdering::compare (13 bytes)
Event: 50.374 Thread 0x0000000015823800 nmethod 10902 0x000000000366c590 code [0x000000000366c6e0, 0x000000000366c838]
Event: 50.374 Thread 0x0000000015823800 10849       4       com.android.repository.impl.meta.SchemaModuleUtil$NamespaceFallbackFilter::startElement (59 bytes)
Event: 50.407 Thread 0x000000001582d800 nmethod 10836 0x00000000031cb710 code [0x00000000031cbae0, 0x00000000031ce468]
Event: 50.407 Thread 0x000000001582d800 10870       4       com.sun.xml.bind.v2.runtime.unmarshaller.SAXConnector::startElement (153 bytes)
Event: 50.433 Thread 0x0000000015823800 nmethod 10849 0x000000000406dad0 code [0x000000000406ddc0, 0x000000000406f868]
Event: 50.433 Thread 0x0000000015823800 10858       4       org.xml.sax.helpers.AttributesImpl::clear (38 bytes)
Event: 50.433 Thread 0x0000000015823800 nmethod 10858 0x0000000002d2fd90 code [0x0000000002d2fec0, 0x0000000002d2ff38]
Event: 50.445 Thread 0x000000001582d800 nmethod 10870 0x0000000003b79cd0 code [0x0000000003b79fa0, 0x0000000003b7b8b0]

GC Heap History (10 events):
Event: 38.375 GC heap before
{Heap before GC invocations=15 (full 2):
 PSYoungGen      total 157696K, used 143456K [0x00000000f5580000, 0x0000000100000000, 0x0000000100000000)
  eden space 142848K, 100% used [0x00000000f5580000,0x00000000fe100000,0x00000000fe100000)
  from space 14848K, 4% used [0x00000000ff180000,0x00000000ff218000,0x0000000100000000)
  to   space 15872K, 0% used [0x00000000fe100000,0x00000000fe100000,0x00000000ff080000)
 ParOldGen       total 175104K, used 24674K [0x00000000e0000000, 0x00000000eab00000, 0x00000000f5580000)
  object space 175104K, 14% used [0x00000000e0000000,0x00000000e18189a8,0x00000000eab00000)
 Metaspace       used 51069K, capacity 52796K, committed 52992K, reserved 1095680K
  class space    used 6654K, capacity 7084K, committed 7168K, reserved 1048576K
Event: 38.379 GC heap after
Heap after GC invocations=15 (full 2):
 PSYoungGen      total 158720K, used 4224K [0x00000000f5580000, 0x0000000100000000, 0x0000000100000000)
  eden space 142848K, 0% used [0x00000000f5580000,0x00000000f5580000,0x00000000fe100000)
  from space 15872K, 26% used [0x00000000fe100000,0x00000000fe5201e8,0x00000000ff080000)
  to   space 15360K, 0% used [0x00000000ff100000,0x00000000ff100000,0x0000000100000000)
 ParOldGen       total 175104K, used 24706K [0x00000000e0000000, 0x00000000eab00000, 0x00000000f5580000)
  object space 175104K, 14% used [0x00000000e0000000,0x00000000e18209a8,0x00000000eab00000)
 Metaspace       used 51069K, capacity 52796K, committed 52992K, reserved 1095680K
  class space    used 6654K, capacity 7084K, committed 7168K, reserved 1048576K
}
Event: 39.440 GC heap before
{Heap before GC invocations=16 (full 2):
 PSYoungGen      total 158720K, used 81179K [0x00000000f5580000, 0x0000000100000000, 0x0000000100000000)
  eden space 142848K, 53% used [0x00000000f5580000,0x00000000fa0a6a60,0x00000000fe100000)
  from space 15872K, 26% used [0x00000000fe100000,0x00000000fe5201e8,0x00000000ff080000)
  to   space 15360K, 0% used [0x00000000ff100000,0x00000000ff100000,0x0000000100000000)
 ParOldGen       total 175104K, used 24706K [0x00000000e0000000, 0x00000000eab00000, 0x00000000f5580000)
  object space 175104K, 14% used [0x00000000e0000000,0x00000000e18209a8,0x00000000eab00000)
 Metaspace       used 57123K, capacity 59064K, committed 59136K, reserved 1099776K
  class space    used 7396K, capacity 7892K, committed 7936K, reserved 1048576K
Event: 39.452 GC heap after
Heap after GC invocations=16 (full 2):
 PSYoungGen      total 156160K, used 12693K [0x00000000f5580000, 0x0000000100000000, 0x0000000100000000)
  eden space 140800K, 0% used [0x00000000f5580000,0x00000000f5580000,0x00000000fdf00000)
  from space 15360K, 82% used [0x00000000ff100000,0x00000000ffd65560,0x0000000100000000)
  to   space 16896K, 0% used [0x00000000fdf00000,0x00000000fdf00000,0x00000000fef80000)
 ParOldGen       total 175104K, used 24714K [0x00000000e0000000, 0x00000000eab00000, 0x00000000f5580000)
  object space 175104K, 14% used [0x00000000e0000000,0x00000000e18229a8,0x00000000eab00000)
 Metaspace       used 57123K, capacity 59064K, committed 59136K, reserved 1099776K
  class space    used 7396K, capacity 7892K, committed 7936K, reserved 1048576K
}
Event: 39.452 GC heap before
{Heap before GC invocations=17 (full 3):
 PSYoungGen      total 156160K, used 12693K [0x00000000f5580000, 0x0000000100000000, 0x0000000100000000)
  eden space 140800K, 0% used [0x00000000f5580000,0x00000000f5580000,0x00000000fdf00000)
  from space 15360K, 82% used [0x00000000ff100000,0x00000000ffd65560,0x0000000100000000)
  to   space 16896K, 0% used [0x00000000fdf00000,0x00000000fdf00000,0x00000000fef80000)
 ParOldGen       total 175104K, used 24714K [0x00000000e0000000, 0x00000000eab00000, 0x00000000f5580000)
  object space 175104K, 14% used [0x00000000e0000000,0x00000000e18229a8,0x00000000eab00000)
 Metaspace       used 57123K, capacity 59064K, committed 59136K, reserved 1099776K
  class space    used 7396K, capacity 7892K, committed 7936K, reserved 1048576K
Event: 39.796 GC heap after
Heap after GC invocations=17 (full 3):
 PSYoungGen      total 156160K, used 0K [0x00000000f5580000, 0x0000000100000000, 0x0000000100000000)
  eden space 140800K, 0% used [0x00000000f5580000,0x00000000f5580000,0x00000000fdf00000)
  from space 15360K, 0% used [0x00000000ff100000,0x00000000ff100000,0x0000000100000000)
  to   space 16896K, 0% used [0x00000000fdf00000,0x00000000fdf00000,0x00000000fef80000)
 ParOldGen       total 175104K, used 35592K [0x00000000e0000000, 0x00000000eab00000, 0x00000000f5580000)
  object space 175104K, 20% used [0x00000000e0000000,0x00000000e22c2148,0x00000000eab00000)
 Metaspace       used 56971K, capacity 58780K, committed 59136K, reserved 1099776K
  class space    used 7359K, capacity 7829K, committed 7936K, reserved 1048576K
}
Event: 44.569 GC heap before
{Heap before GC invocations=18 (full 3):
 PSYoungGen      total 156160K, used 140800K [0x00000000f5580000, 0x0000000100000000, 0x0000000100000000)
  eden space 140800K, 100% used [0x00000000f5580000,0x00000000fdf00000,0x00000000fdf00000)
  from space 15360K, 0% used [0x00000000ff100000,0x00000000ff100000,0x0000000100000000)
  to   space 16896K, 0% used [0x00000000fdf00000,0x00000000fdf00000,0x00000000fef80000)
 ParOldGen       total 175104K, used 35592K [0x00000000e0000000, 0x00000000eab00000, 0x00000000f5580000)
  object space 175104K, 20% used [0x00000000e0000000,0x00000000e22c2148,0x00000000eab00000)
 Metaspace       used 63111K, capacity 65380K, committed 65664K, reserved 1105920K
  class space    used 8250K, capacity 8803K, committed 8832K, reserved 1048576K
Event: 44.576 GC heap after
Heap after GC invocations=18 (full 3):
 PSYoungGen      total 152576K, used 11771K [0x00000000f5580000, 0x0000000100000000, 0x0000000100000000)
  eden space 140800K, 0% used [0x00000000f5580000,0x00000000f5580000,0x00000000fdf00000)
  from space 11776K, 99% used [0x00000000fdf00000,0x00000000fea7edd0,0x00000000fea80000)
  to   space 17408K, 0% used [0x00000000fef00000,0x00000000fef00000,0x0000000100000000)
 ParOldGen       total 175104K, used 35600K [0x00000000e0000000, 0x00000000eab00000, 0x00000000f5580000)
  object space 175104K, 20% used [0x00000000e0000000,0x00000000e22c4148,0x00000000eab00000)
 Metaspace       used 63111K, capacity 65380K, committed 65664K, reserved 1105920K
  class space    used 8250K, capacity 8803K, committed 8832K, reserved 1048576K
}
Event: 47.662 GC heap before
{Heap before GC invocations=19 (full 3):
 PSYoungGen      total 152576K, used 152571K [0x00000000f5580000, 0x0000000100000000, 0x0000000100000000)
  eden space 140800K, 100% used [0x00000000f5580000,0x00000000fdf00000,0x00000000fdf00000)
  from space 11776K, 99% used [0x00000000fdf00000,0x00000000fea7edd0,0x00000000fea80000)
  to   space 17408K, 0% used [0x00000000fef00000,0x00000000fef00000,0x0000000100000000)
 ParOldGen       total 175104K, used 35600K [0x00000000e0000000, 0x00000000eab00000, 0x00000000f5580000)
  object space 175104K, 20% used [0x00000000e0000000,0x00000000e22c4148,0x00000000eab00000)
 Metaspace       used 69272K, capacity 72408K, committed 72704K, reserved 1112064K
  class space    used 9216K, capacity 9971K, committed 9984K, reserved 1048576K
Event: 47.674 GC heap after
Heap after GC invocations=19 (full 3):
 PSYoungGen      total 150016K, used 17397K [0x00000000f5580000, 0x0000000100000000, 0x0000000100000000)
  eden space 132608K, 0% used [0x00000000f5580000,0x00000000f5580000,0x00000000fd700000)
  from space 17408K, 99% used [0x00000000fef00000,0x00000000ffffd608,0x0000000100000000)
  to   space 20992K, 0% used [0x00000000fd700000,0x00000000fd700000,0x00000000feb80000)
 ParOldGen       total 175104K, used 39321K [0x00000000e0000000, 0x00000000eab00000, 0x00000000f5580000)
  object space 175104K, 22% used [0x00000000e0000000,0x00000000e2666750,0x00000000eab00000)
 Metaspace       used 69272K, capacity 72408K, committed 72704K, reserved 1112064K
  class space    used 9216K, capacity 9971K, committed 9984K, reserved 1048576K
}

Deoptimization events (10 events):
Event: 49.586 Thread 0x000000001919e800 Uncommon trap: reason=unstable_if action=reinterpret pc=0x00000000035423cc method=java.util.regex.Pattern$Ctype.isSatisfiedBy(I)Z @ 4
Event: 49.590 Thread 0x000000001919e800 Uncommon trap: reason=unstable_if action=reinterpret pc=0x000000000481859c method=java.util.regex.Matcher.find()Z @ 34
Event: 49.705 Thread 0x000000001919e800 Uncommon trap: reason=bimorphic action=maybe_recompile pc=0x00000000048d34c8 method=com.sun.org.apache.xerces.internal.impl.XMLDocumentFragmentScannerImpl.scanDocument(Z)Z @ 203
Event: 49.711 Thread 0x000000001919e800 Uncommon trap: reason=unstable_if action=reinterpret pc=0x00000000034c5524 method=java.util.regex.Matcher.find()Z @ 34
Event: 49.761 Thread 0x000000001919e800 Uncommon trap: reason=bimorphic action=maybe_recompile pc=0x00000000048d34c8 method=com.sun.org.apache.xerces.internal.impl.XMLDocumentFragmentScannerImpl.scanDocument(Z)Z @ 203
Event: 50.048 Thread 0x000000002050b000 Uncommon trap: reason=unstable_if action=reinterpret pc=0x0000000003d22258 method=com.sun.crypto.provider.GaloisCounterMode.decryptFinal([BII[BI)I @ 5
Event: 50.056 Thread 0x000000001b5d2800 Uncommon trap: reason=unstable_if action=reinterpret pc=0x0000000003d46060 method=com.sun.crypto.provider.GaloisCounterMode.decryptFinal([BII[BI)I @ 5
Event: 50.062 Thread 0x000000001919e800 Uncommon trap: reason=unstable_if action=reinterpret pc=0x00000000042c3614 method=java.net.URL.<init>(Ljava/net/URL;Ljava/lang/String;Ljava/net/URLStreamHandler;)V @ 347
Event: 50.373 Thread 0x000000001919e800 Uncommon trap: reason=class_check action=maybe_recompile pc=0x0000000003d0c6a8 method=org.gradle.internal.logging.sink.OutputEventTransformer.onOutput(Lorg/gradle/internal/logging/events/OutputEvent;)V @ 287
Event: 50.393 Thread 0x000000001919e800 Uncommon trap: reason=class_check action=maybe_recompile pc=0x0000000003d0c6a8 method=org.gradle.internal.logging.sink.OutputEventTransformer.onOutput(Lorg/gradle/internal/logging/events/OutputEvent;)V @ 287

Classes redefined (0 events):
No events

Internal exceptions (10 events):
Event: 47.957 Thread 0x000000001919e800 Exception <a 'sun/nio/fs/WindowsException'> (0x00000000f77b4430) thrown at [C:\re\workspace\8-2-build-windows-amd64-cygwin\jdk8u231\13620\hotspot\src\share\vm\prims\jni.cpp, line 710]
Event: 47.993 Thread 0x000000001919e800 Exception <a 'sun/nio/fs/WindowsException'> (0x00000000f7c5f570) thrown at [C:\re\workspace\8-2-build-windows-amd64-cygwin\jdk8u231\13620\hotspot\src\share\vm\prims\jni.cpp, line 710]
Event: 47.993 Thread 0x000000001919e800 Exception <a 'sun/nio/fs/WindowsException'> (0x00000000f7c60780) thrown at [C:\re\workspace\8-2-build-windows-amd64-cygwin\jdk8u231\13620\hotspot\src\share\vm\prims\jni.cpp, line 710]
Event: 48.631 Thread 0x000000001919e800 Implicit null exception at 0x0000000003db4698 to 0x0000000003db5dd9
Event: 48.663 Thread 0x000000001919e800 Implicit null exception at 0x0000000003dad683 to 0x0000000003dadf11
Event: 48.665 Thread 0x000000001919e800 Implicit null exception at 0x0000000002959c99 to 0x000000000295a045
Event: 48.757 Thread 0x000000001919e800 Exception <a 'java/lang/ClassNotFoundException': com/sun/org/glassfish/hk2/osgiresourcelocator/ServiceLoader> (0x00000000f7ec65b0) thrown at [C:\re\workspace\8-2-build-windows-amd64-cygwin\jdk8u231\13620\hotspot\src\share\vm\classfile\systemDictionary.cpp
Event: 49.569 Thread 0x000000001919e800 Exception <a 'java/lang/ClassNotFoundException': com/sun/org/glassfish/hk2/osgiresourcelocator/ServiceLoader> (0x00000000f8101ac8) thrown at [C:\re\workspace\8-2-build-windows-amd64-cygwin\jdk8u231\13620\hotspot\src\share\vm\classfile\systemDictionary.cpp
Event: 49.972 Thread 0x000000001919e800 Exception <a 'java/lang/ClassNotFoundException': com/sun/org/glassfish/hk2/osgiresourcelocator/ServiceLoader> (0x00000000faa18cb8) thrown at [C:\re\workspace\8-2-build-windows-amd64-cygwin\jdk8u231\13620\hotspot\src\share\vm\classfile\systemDictionary.cpp
Event: 50.257 Thread 0x000000001919e800 Exception <a 'java/lang/ClassNotFoundException': com/sun/org/glassfish/hk2/osgiresourcelocator/ServiceLoader> (0x00000000fbea65e0) thrown at [C:\re\workspace\8-2-build-windows-amd64-cygwin\jdk8u231\13620\hotspot\src\share\vm\classfile\systemDictionary.cpp

Events (10 events):
Event: 50.405 loading class com/android/repository/api/PackageOperation$StatusChangeListenerException done
Event: 50.407 loading class com/android/repository/api/PackageOperation
Event: 50.407 loading class com/android/repository/api/PackageOperation done
Event: 50.407 loading class com/android/repository/api/PackageOperation
Event: 50.407 loading class com/android/repository/api/PackageOperation done
Event: 50.407 loading class com/android/repository/impl/installer/AbstractInstaller
Event: 50.407 loading class com/android/repository/impl/installer/AbstractInstaller done
Event: 50.407 loading class com/android/repository/api/PackageOperation$StatusChangeListener
Event: 50.407 loading class com/android/repository/api/PackageOperation$StatusChangeListener done
Event: 50.408 loading class java/util/concurrent/CompletableFuture


Dynamic libraries:
0x00007ff6cb910000 - 0x00007ff6cb947000 	C:\Program Files\Java\jdk1.8.0_231\bin\java.exe
0x00007ff9a4c80000 - 0x00007ff9a4e70000 	C:\WINDOWS\SYSTEM32\ntdll.dll
0x00007ff9a4ae0000 - 0x00007ff9a4b92000 	C:\WINDOWS\System32\KERNEL32.DLL
0x00007ff9a25a0000 - 0x00007ff9a2843000 	C:\WINDOWS\System32\KERNELBASE.dll
0x00007ff9a2d00000 - 0x00007ff9a2da3000 	C:\WINDOWS\System32\ADVAPI32.dll
0x00007ff9a3430000 - 0x00007ff9a34ce000 	C:\WINDOWS\System32\msvcrt.dll
0x00007ff9a3390000 - 0x00007ff9a3427000 	C:\WINDOWS\System32\sechost.dll
0x00007ff9a4100000 - 0x00007ff9a4220000 	C:\WINDOWS\System32\RPCRT4.dll
0x00007ff9a3120000 - 0x00007ff9a32b4000 	C:\WINDOWS\System32\USER32.dll
0x00007ff9a2b20000 - 0x00007ff9a2b41000 	C:\WINDOWS\System32\win32u.dll
0x00007ff9a4220000 - 0x00007ff9a4246000 	C:\WINDOWS\System32\GDI32.dll
0x00007ff9a2850000 - 0x00007ff9a29e4000 	C:\WINDOWS\System32\gdi32full.dll
0x00007ff9a2450000 - 0x00007ff9a24ee000 	C:\WINDOWS\System32\msvcp_win.dll
0x00007ff9a29f0000 - 0x00007ff9a2aea000 	C:\WINDOWS\System32\ucrtbase.dll
0x00007ff991af0000 - 0x00007ff991d75000 	C:\WINDOWS\WinSxS\amd64_microsoft.windows.common-controls_6595b64144ccf1df_6.0.18362.778_none_e6c6b761130d4fb8\COMCTL32.dll
0x00007ff9a2db0000 - 0x00007ff9a30e6000 	C:\WINDOWS\System32\combase.dll
0x00007ff9a23b0000 - 0x00007ff9a2430000 	C:\WINDOWS\System32\bcryptPrimitives.dll
0x00007ff9a30f0000 - 0x00007ff9a311e000 	C:\WINDOWS\System32\IMM32.DLL
0x000000006a700000 - 0x000000006a7d2000 	C:\Program Files\Java\jdk1.8.0_231\jre\bin\msvcr100.dll
0x0000000068740000 - 0x0000000068fe6000 	C:\Program Files\Java\jdk1.8.0_231\jre\bin\server\jvm.dll
0x00007ff9a4500000 - 0x00007ff9a4508000 	C:\WINDOWS\System32\PSAPI.DLL
0x00007ff9a06a0000 - 0x00007ff9a06a9000 	C:\WINDOWS\SYSTEM32\WSOCK32.dll
0x00007ff99ed70000 - 0x00007ff99ed94000 	C:\WINDOWS\SYSTEM32\WINMM.dll
0x00007ff9a0640000 - 0x00007ff9a064a000 	C:\WINDOWS\SYSTEM32\VERSION.dll
0x00007ff9a42e0000 - 0x00007ff9a434f000 	C:\WINDOWS\System32\WS2_32.dll
0x00007ff99eae0000 - 0x00007ff99eb0d000 	C:\WINDOWS\SYSTEM32\WINMMBASE.dll
0x00007ff9a1be0000 - 0x00007ff9a1c2a000 	C:\WINDOWS\System32\cfgmgr32.dll
0x00007ff99d9d0000 - 0x00007ff99d9df000 	C:\Program Files\Java\jdk1.8.0_231\jre\bin\verify.dll
0x00007ff97db50000 - 0x00007ff97db79000 	C:\Program Files\Java\jdk1.8.0_231\jre\bin\java.dll
0x00007ff97b2d0000 - 0x00007ff97b2e6000 	C:\Program Files\Java\jdk1.8.0_231\jre\bin\zip.dll
0x00007ff9a36e0000 - 0x00007ff9a3dc5000 	C:\WINDOWS\System32\SHELL32.dll
0x00007ff9a4050000 - 0x00007ff9a40f9000 	C:\WINDOWS\System32\shcore.dll
0x00007ff9a1c30000 - 0x00007ff9a23b0000 	C:\WINDOWS\System32\windows.storage.dll
0x00007ff9a1bb0000 - 0x00007ff9a1bd3000 	C:\WINDOWS\System32\profapi.dll
0x00007ff9a1b60000 - 0x00007ff9a1baa000 	C:\WINDOWS\System32\powrprof.dll
0x00007ff9a1b10000 - 0x00007ff9a1b20000 	C:\WINDOWS\System32\UMPDC.dll
0x00007ff9a3ea0000 - 0x00007ff9a3ef2000 	C:\WINDOWS\System32\shlwapi.dll
0x00007ff9a1b40000 - 0x00007ff9a1b51000 	C:\WINDOWS\System32\kernel.appcore.dll
0x00007ff9a2430000 - 0x00007ff9a2447000 	C:\WINDOWS\System32\cryptsp.dll
0x00007ff97b2b0000 - 0x00007ff97b2ca000 	C:\Program Files\Java\jdk1.8.0_231\jre\bin\net.dll
0x00007ff9a12d0000 - 0x00007ff9a1337000 	C:\WINDOWS\system32\mswsock.dll
0x00007ff974d30000 - 0x00007ff974d42000 	C:\Program Files\Java\jdk1.8.0_231\jre\bin\nio.dll
0x00007ff96d740000 - 0x00007ff96d76a000 	C:\Users\Italo\.gradle\native\36\windows-amd64\native-platform.dll
0x00007ff990020000 - 0x00007ff99002d000 	C:\Program Files\Java\jdk1.8.0_231\jre\bin\management.dll
0x00007ff9a0e50000 - 0x00007ff9a0e83000 	C:\WINDOWS\system32\rsaenh.dll
0x00007ff9a2af0000 - 0x00007ff9a2b16000 	C:\WINDOWS\System32\bcrypt.dll
0x00007ff9a19a0000 - 0x00007ff9a19c5000 	C:\WINDOWS\SYSTEM32\USERENV.dll
0x00007ff9a1450000 - 0x00007ff9a145c000 	C:\WINDOWS\SYSTEM32\CRYPTBASE.dll
0x00007ff9a0ff0000 - 0x00007ff9a102a000 	C:\WINDOWS\SYSTEM32\IPHLPAPI.DLL
0x00007ff9a4250000 - 0x00007ff9a4258000 	C:\WINDOWS\System32\NSI.dll
0x00007ff99a060000 - 0x00007ff99a076000 	C:\WINDOWS\SYSTEM32\dhcpcsvc6.DLL
0x00007ff999e10000 - 0x00007ff999e2c000 	C:\WINDOWS\SYSTEM32\dhcpcsvc.DLL
0x00007ff9a1030000 - 0x00007ff9a10fa000 	C:\WINDOWS\SYSTEM32\DNSAPI.dll
0x00007ff96d710000 - 0x00007ff96d734000 	C:\Program Files\Java\jdk1.8.0_231\jre\bin\sunec.dll
0x00007ff9924a0000 - 0x00007ff9924aa000 	C:\Windows\System32\rasadhlp.dll
0x00007ff999d30000 - 0x00007ff999da7000 	C:\WINDOWS\System32\fwpuclnt.dll
0x00007ff99c7e0000 - 0x00007ff99c7eb000 	C:\Program Files\Java\jdk1.8.0_231\jre\bin\sunmscapi.dll
0x00007ff9a2b50000 - 0x00007ff9a2c99000 	C:\WINDOWS\System32\CRYPT32.dll
0x00007ff9a1b20000 - 0x00007ff9a1b32000 	C:\WINDOWS\System32\MSASN1.dll

VM Arguments:
jvm_args: -XX:MaxMetaspaceSize=256m -XX:+HeapDumpOnOutOfMemoryError -Xms256m -Xmx512m -Dfile.encoding=windows-1252 -Duser.country=BR -Duser.language=pt -Duser.variant 
java_command: org.gradle.launcher.daemon.bootstrap.GradleDaemon 6.2
java_class_path (initial): C:\Users\Italo\.gradle\wrapper\dists\gradle-6.2-all\dvufqs6kielxeao781pmk5huj\gradle-6.2\lib\gradle-launcher-6.2.jar
Launcher Type: SUN_STANDARD

Environment Variables:
JAVA_HOME=C:\Program Files\Java\jdk1.8.0_231
CLASSPATH=D:\boniek\react nivel 1\modulo 6\DevFit\android\\gradle\wrapper\gradle-wrapper.jar
PATH=D:\boniek\react nivel 1\modulo 6\DevFit\android\node_modules\.bin;D:\boniek\react nivel 1\modulo 6\DevFit\node_modules\.bin;D:\boniek\react nivel 1\modulo 6\node_modules\.bin;D:\boniek\react nivel 1\node_modules\.bin;D:\boniek\node_modules\.bin;D:\node_modules\.bin;C:\Program Files\nodejs;D:\boniek\react nivel 1\modulo 6\DevFit\node_modules\.bin;C:\Python27\;C:\Python27\Scripts;C:\Program Files (x86)\Common Files\Intel\Shared Libraries\redist\intel64\compiler;C:\Program Files (x86)\Intel\Intel(R) Management Engine Components\iCLS\;C:\Program Files\Intel\Intel(R) Management Engine Components\iCLS\;C:\WINDOWS\system32;C:\WINDOWS;C:\WINDOWS\System32\Wbem;C:\WINDOWS\System32\WindowsPowerShell\v1.0\;C:\WINDOWS\System32\OpenSSH\;C:\Program Files (x86)\Intel\Intel(R) Management Engine Components\DAL;C:\Program Files\Intel\Intel(R) Management Engine Components\DAL;C:\Program Files (x86)\Intel\Intel(R) Management Engine Components\IPT;C:\Program Files\Intel\Intel(R) Management Engine Components\IPT;C:\ProgramData\chocolatey\bin;C:\Program Files\Java\jdk1.8.0_211\bin;C:\Program Files\Microsoft VS Code\bin;C:\Program Files\NVIDIA Corporation\NVIDIA NvDLISR;C:\Program Files (x86)\NVIDIA Corporation\PhysX\Common;C:\Program Files\Java\jdk1.8.0_221\bin;C:\Flutter\bin;C:\Program Files\Git\cmd;C:\Program Files\Java\jdk1.8.0_231\bin;C:\Program Files (x86)\Yarn\bin\;C:\Program Files\nodejs\;C:\Program Files\Docker\Docker\resources\bin;C:\ProgramData\DockerDesktop\version-bin;C:\Users\Italo\anaconda3;C:\Users\Italo\anaconda3\Library\mingw-w64\bin;C:\Users\Italo\anaconda3\Library\usr\bin;C:\Users\Italo\anaconda3\Library\bin;C:\Users\Italo\anaconda3\Scripts;C:\Users\Italo\AppData\Local\Microsoft\WindowsApps;C:\Android\Sdk\platform-tools;C:\Android\Sdk\tools;C:\Windows\System32;C:\Users\Italo\AppData\Local\Yarn\bin;C:\Users\Italo\AppData\Roaming\npm;C:\src\flutter\bin;C:\Users\Italo\AppData\Local\watchman;
USERNAME=Italo
OS=Windows_NT
PROCESSOR_IDENTIFIER=Intel64 Family 6 Model 158 Stepping 10, GenuineIntel



---------------  S Y S T E M  ---------------

OS: Windows 10.0 , 64 bit Build 18362 (10.0.18362.778)

CPU:total 12 (initial active 12) (6 cores per cpu, 2 threads per core) family 6 model 158 stepping 10, cmov, cx8, fxsr, mmx, sse, sse2, sse3, ssse3, sse4.1, sse4.2, popcnt, avx, avx2, aes, clmul, erms, 3dnowpref, lzcnt, ht, tsc, tscinvbit, bmi1, bmi2, adx

Memory: 4k page, physical 16627820k(2681660k free), swap 16627820k(152080k free)

vm_info: Java HotSpot(TM) 64-Bit Server VM (25.231-b11) for windows-amd64 JRE (1.8.0_231-b11), built on Oct  5 2019 03:11:30 by "java_re" with MS VC++ 10.0 (VS2010)

time: Thu May 07 01:13:55 2020
timezone: Hora oficial do Brasil
elapsed time: 51 seconds (0d 0h 0m 51s)

